<?xml version="1.0" encoding="UTF-8"?>
<testsuite xmlns:xsi="http://www.w3.org/2001/XMLSchema-instance" xsi:noNamespaceSchemaLocation="https://maven.apache.org/surefire/maven-surefire-plugin/xsd/surefire-test-report-3.0.xsd" version="3.0" name="com.example.FelineKittensParameterizedTest" time="0.009" tests="4" errors="0" skipped="0" failures="0">
  <properties>
[...]
</properties>
  <testcase name="testGetKittens[count=0, expected=0]" classname="com.example.FelineKittensParameterizedTest" time="0.007"/>
  <testcase name="testGetKittens[count=1, expected=1]" classname="com.example.FelineKittensParameterizedTest" time="0"/>
  <testcase name="testGetKittens[count=5, expected=5]" classname="com.example.FelineKittensParameterizedTest" time="0"/>
  <testcase name="testGetKittens[count=10, expected=10]" classname="com.example.FelineKittensParameterizedTest" time="0"/>
</testsuite>